[debug] [2019-10-03T04:19:21.272Z] ----------------------------------------------------------------------
[debug] [2019-10-03T04:19:21.274Z] Command:       /Users/cha/.nvm/versions/node/v10.16.0/bin/node /Users/cha/.nvm/versions/node/v10.16.0/bin/firebase deploy
[debug] [2019-10-03T04:19:21.274Z] CLI Version:   7.2.4
[debug] [2019-10-03T04:19:21.274Z] Platform:      darwin
[debug] [2019-10-03T04:19:21.274Z] Node Version:  v10.16.0
[debug] [2019-10-03T04:19:21.275Z] Time:          Thu Oct 03 2019 00:19:21 GMT-0400 (Eastern Daylight Time)
[debug] [2019-10-03T04:19:21.275Z] ----------------------------------------------------------------------
[debug] 
[debug] [2019-10-03T04:19:21.287Z] > command requires scopes: ["email","openid","https://www.googleapis.com/auth/cloudplatformprojects.readonly","https://www.googleapis.com/auth/firebase","https://www.googleapis.com/auth/cloud-platform"]
[debug] [2019-10-03T04:19:21.288Z] > authorizing via signed-in user
[debug] [2019-10-03T04:19:21.288Z] [iam] checking project pingpod-web for permissions ["cloudfunctions.functions.create","cloudfunctions.functions.delete","cloudfunctions.functions.get","cloudfunctions.functions.list","cloudfunctions.functions.update","cloudfunctions.operations.get","firebase.projects.get","firebasehosting.sites.update"]
[debug] [2019-10-03T04:19:21.290Z] >>> HTTP REQUEST POST https://cloudresourcemanager.googleapis.com/v1/projects/pingpod-web:testIamPermissions  

[debug] [2019-10-03T04:19:32.433Z] ----------------------------------------------------------------------
[debug] [2019-10-03T04:19:32.435Z] Command:       /Users/cha/.nvm/versions/node/v10.16.0/bin/node /Users/cha/repos/pingpod-web/node_modules/.bin/firebase deploy
[debug] [2019-10-03T04:19:32.435Z] CLI Version:   7.2.4
[debug] [2019-10-03T04:19:32.435Z] Platform:      darwin
[debug] [2019-10-03T04:19:32.435Z] Node Version:  v10.16.0
[debug] [2019-10-03T04:19:32.437Z] Time:          Thu Oct 03 2019 00:19:32 GMT-0400 (Eastern Daylight Time)
[debug] [2019-10-03T04:19:32.437Z] ----------------------------------------------------------------------
[debug] 
[debug] [2019-10-03T04:19:32.447Z] > command requires scopes: ["email","openid","https://www.googleapis.com/auth/cloudplatformprojects.readonly","https://www.googleapis.com/auth/firebase","https://www.googleapis.com/auth/cloud-platform"]
[debug] [2019-10-03T04:19:32.447Z] > authorizing via signed-in user
[debug] [2019-10-03T04:19:32.447Z] [iam] checking project pingpod-web for permissions ["cloudfunctions.functions.create","cloudfunctions.functions.delete","cloudfunctions.functions.get","cloudfunctions.functions.list","cloudfunctions.functions.update","cloudfunctions.operations.get","firebase.projects.get","firebasehosting.sites.update"]
[debug] [2019-10-03T04:19:32.449Z] >>> HTTP REQUEST POST https://cloudresourcemanager.googleapis.com/v1/projects/pingpod-web:testIamPermissions  

[debug] [2019-10-03T04:19:32.732Z] <<< HTTP RESPONSE 200
[debug] [2019-10-03T04:19:32.734Z] >>> HTTP REQUEST GET https://firebase.googleapis.com/v1beta1/projects/pingpod-web  
 
[debug] [2019-10-03T04:19:33.017Z] <<< HTTP RESPONSE 200
[info] 
[info] === Deploying to 'pingpod-web'...
[info] 
[info] i  deploying functions, hosting
[debug] [2019-10-03T04:19:35.214Z] > [functions] package.json contents: {
  "name": "functions",
  "description": "Cloud Functions for Firebase",
  "scripts": {
    "serve": "firebase serve --only functions",
    "shell": "firebase functions:shell",
    "start": "npm run shell",
    "deploy": "firebase deploy --only functions",
    "logs": "firebase functions:log"
  },
  "engines": {
    "node": "8"
  },
  "dependencies": {
    "cors": "^2.8.5",
    "firebase-admin": "^8.4.0",
    "firebase-functions": "^3.1.0",
    "square-connect": "^2.20190814.2",
    "twilio": "^3.33.4"
  },
  "devDependencies": {
    "eslint": "^5.12.0",
    "eslint-plugin-promise": "^4.0.1",
    "firebase-functions-test": "^0.1.6"
  },
  "private": true
}
[info] i  functions: ensuring necessary APIs are enabled...
[debug] [2019-10-03T04:19:35.216Z] >>> HTTP REQUEST GET https://serviceusage.googleapis.com/v1/projects/pingpod-web/services/cloudfunctions.googleapis.com  
 
[debug] [2019-10-03T04:19:35.217Z] >>> HTTP REQUEST GET https://serviceusage.googleapis.com/v1/projects/pingpod-web/services/runtimeconfig.googleapis.com  
 
[debug] [2019-10-03T04:19:35.642Z] <<< HTTP RESPONSE 200
[debug] [2019-10-03T04:19:35.661Z] <<< HTTP RESPONSE 200
[info] ✔  functions: all necessary APIs are enabled
[debug] [2019-10-03T04:19:35.662Z] >>> HTTP REQUEST GET https://firebase.googleapis.com/v1beta1/projects/pingpod-web/adminSdkConfig  
 
[debug] [2019-10-03T04:19:35.877Z] <<< HTTP RESPONSE 200
[debug] [2019-10-03T04:19:35.878Z] >>> HTTP REQUEST POST https://firebasehosting.googleapis.com/v1beta1/sites/pingpod-web/versions  

[debug] [2019-10-03T04:19:36.973Z] <<< HTTP RESPONSE 200
[info] i  functions: preparing functions directory for uploading...
[debug] [2019-10-03T04:19:36.975Z] >>> HTTP REQUEST GET https://runtimeconfig.googleapis.com/v1beta1/projects/pingpod-web/configs  
 
[debug] [2019-10-03T04:19:37.242Z] <<< HTTP RESPONSE 200
[debug] [2019-10-03T04:19:37.243Z] >>> HTTP REQUEST GET https://runtimeconfig.googleapis.com/v1beta1/projects/pingpod-web/configs/square/variables  
 
[debug] [2019-10-03T04:19:37.243Z] >>> HTTP REQUEST GET https://runtimeconfig.googleapis.com/v1beta1/projects/pingpod-web/configs/twilio/variables  
 
[debug] [2019-10-03T04:19:37.244Z] >>> HTTP REQUEST GET https://runtimeconfig.googleapis.com/v1beta1/projects/pingpod-web/configs/someservice/variables  
 
[debug] [2019-10-03T04:19:37.366Z] <<< HTTP RESPONSE 200
[debug] [2019-10-03T04:19:37.367Z] >>> HTTP REQUEST GET https://runtimeconfig.googleapis.com/v1beta1/projects/pingpod-web/configs/twilio/variables/auth_token  
 
[debug] [2019-10-03T04:19:37.368Z] >>> HTTP REQUEST GET https://runtimeconfig.googleapis.com/v1beta1/projects/pingpod-web/configs/twilio/variables/account_sid  
 
[debug] [2019-10-03T04:19:37.462Z] <<< HTTP RESPONSE 200
[debug] [2019-10-03T04:19:37.463Z] >>> HTTP REQUEST GET https://runtimeconfig.googleapis.com/v1beta1/projects/pingpod-web/configs/square/variables/access_token_dev  
 
[debug] [2019-10-03T04:19:37.465Z] <<< HTTP RESPONSE 200
[debug] [2019-10-03T04:19:37.465Z] >>> HTTP REQUEST GET https://runtimeconfig.googleapis.com/v1beta1/projects/pingpod-web/configs/someservice/variables/key  
 
[debug] [2019-10-03T04:19:37.466Z] >>> HTTP REQUEST GET https://runtimeconfig.googleapis.com/v1beta1/projects/pingpod-web/configs/someservice/variables/id  
 
[debug] [2019-10-03T04:19:37.509Z] <<< HTTP RESPONSE 200
[debug] [2019-10-03T04:19:37.588Z] <<< HTTP RESPONSE 200
[debug] [2019-10-03T04:19:37.600Z] <<< HTTP RESPONSE 200
[debug] [2019-10-03T04:19:37.692Z] <<< HTTP RESPONSE 200
[debug] [2019-10-03T04:19:37.692Z] <<< HTTP RESPONSE 200
[info] i  functions: packaged functions (40.62 KB) for uploading
[debug] [2019-10-03T04:19:39.021Z] >>> HTTP REQUEST POST https://cloudfunctions.googleapis.com/v1/projects/pingpod-web/locations/us-central1/functions:generateUploadUrl  
 
[debug] [2019-10-03T04:19:39.626Z] <<< HTTP RESPONSE 200
[debug] [2019-10-03T04:19:39.627Z] >>> HTTP REQUEST PUT https://storage.googleapis.com/gcf-upload-us-central1-b1d5903c-a5b4-4f60-94c7-a67499f99dd3/765f873b-ea5e-4a97-9afd-466cec76fbd0.zip?GoogleAccessId=service-442129655840@gcf-admin-robot.iam.gserviceaccount.com&Expires=1570078179&Signature=V96FRth2TFiUNy42W22NVOjC5Fua8dlUzslW11D0aUDjM5OkJ%2FARDhCQuwsi%2FWkh9G2bvW%2FLS7URtHK4%2B8Ty9i6YhGmX3QCSSo0xb9fIvNgIKZZ4fUQWDfWkfCX17s6laJFOuexh7n%2B0lqEzRRdN304CjDbsKVyCGtVD7e1hCmJpAQS1RrmcKqAPzYH2hiWK4Hk%2FYD46XcA3uu49t4erM9pYgCyNiACTFTYXtldvUkbhvwFDys%2FX3iVZtDVwF72zqw4iYos5Ug7oRY4kTSVtA6uZZG026jEBzcDzkX2V4%2FpUaIxFB6rydAS9yA5Nm9OB07AyS5EZ%2FSQ7vcB3ecdm8w%3D%3D  
 <request body omitted>
[debug] [2019-10-03T04:19:39.943Z] <<< HTTP RESPONSE 200
[info] ✔  functions: functions folder uploaded successfully
[info] i  hosting[pingpod-web]: beginning deploy...
[info] i  hosting[pingpod-web]: found 32 files in public
[debug] [2019-10-03T04:19:39.958Z] [hosting] hash cache [cHVibGlj] load error: lines is not defined
[debug] [2019-10-03T04:19:40.426Z] [hosting] hash cache [cHVibGlj] stored for 32 files
[debug] [2019-10-03T04:19:40.426Z] [hosting][hash queue][FINAL]
[debug] [2019-10-03T04:19:40.427Z] >>> HTTP REQUEST POST https://firebasehosting.googleapis.com/v1beta1/sites/pingpod-web/versions/29fd61e636c67b33:populateFiles  
 <request body omitted>
[debug] [2019-10-03T04:19:41.642Z] <<< HTTP RESPONSE 200
[debug] [2019-10-03T04:19:41.645Z] [hosting][populate queue][FINAL]
[debug] [2019-10-03T04:19:41.645Z] [hosting] uploads queued: 1
[debug] [2019-10-03T04:19:41.647Z] Error: ENOENT: no such file or directory, open '/Users/cha/repos/pingpod-web/public/scripts/index.js'
[error] 
[error] Error: An unexpected error has occurred.
